[debug] [2022-11-05T05:54:59.570Z] ----------------------------------------------------------------------
[debug] [2022-11-05T05:54:59.593Z] Command:       C:\Program Files\nodejs\node.exe C:\Users\AJDEV\AppData\Roaming\npm\node_modules\firebase-tools\lib\bin\firebase.js deploy
[debug] [2022-11-05T05:54:59.599Z] CLI Version:   11.16.0
[debug] [2022-11-05T05:54:59.628Z] Platform:      win32
[debug] [2022-11-05T05:54:59.630Z] Node Version:  v16.16.0
[debug] [2022-11-05T05:54:59.639Z] Time:          Fri Nov 04 2022 22:54:59 GMT-0700 (Pacific Daylight Time)
[debug] [2022-11-05T05:54:59.642Z] ----------------------------------------------------------------------
[debug] 
[debug] [2022-11-05T05:55:01.651Z] > command requires scopes: ["email","openid","https://www.googleapis.com/auth/cloudplatformprojects.readonly","https://www.googleapis.com/auth/firebase","https://www.googleapis.com/auth/cloud-platform"]
[debug] [2022-11-05T05:55:01.657Z] > authorizing via signed-in user (mosesogun11@gmail.com)
[debug] [2022-11-05T05:55:01.682Z] [iam] checking project exam-47fd6 for permissions ["firebase.projects.get","firebasehosting.sites.update"]
[debug] [2022-11-05T05:55:01.708Z] >>> [apiv2][query] POST https://cloudresourcemanager.googleapis.com/v1/projects/exam-47fd6:testIamPermissions [none]
[debug] [2022-11-05T05:55:01.711Z] >>> [apiv2][(partial)header] POST https://cloudresourcemanager.googleapis.com/v1/projects/exam-47fd6:testIamPermissions x-goog-quota-user=projects/exam-47fd6
[debug] [2022-11-05T05:55:01.714Z] >>> [apiv2][body] POST https://cloudresourcemanager.googleapis.com/v1/projects/exam-47fd6:testIamPermissions {"permissions":["firebase.projects.get","firebasehosting.sites.update"]}
[debug] [2022-11-05T05:55:03.893Z] <<< [apiv2][status] POST https://cloudresourcemanager.googleapis.com/v1/projects/exam-47fd6:testIamPermissions 200
[debug] [2022-11-05T05:55:03.899Z] <<< [apiv2][body] POST https://cloudresourcemanager.googleapis.com/v1/projects/exam-47fd6:testIamPermissions {"permissions":["firebase.projects.get","firebasehosting.sites.update"]}
[debug] [2022-11-05T05:55:04.082Z] >>> [apiv2][query] GET https://firebase.googleapis.com/v1beta1/projects/exam-47fd6 [none]
[debug] [2022-11-05T05:55:10.896Z] <<< [apiv2][status] GET https://firebase.googleapis.com/v1beta1/projects/exam-47fd6 200
[debug] [2022-11-05T05:55:10.898Z] <<< [apiv2][body] GET https://firebase.googleapis.com/v1beta1/projects/exam-47fd6 {"projectId":"exam-47fd6","projectNumber":"580464631631","displayName":"exam","name":"projects/exam-47fd6","resources":{"hostingSite":"exam-47fd6"},"state":"ACTIVE","etag":"1_53fa9d74-8f0e-4668-9e57-f7b116be949a"}
[info] 
[info] === Deploying to 'exam-47fd6'...
[info] 
[info] i  deploying hosting 
[debug] [2022-11-05T05:55:10.946Z] >>> [apiv2][query] POST https://firebasehosting.googleapis.com/v1beta1/projects/-/sites/exam-47fd6/versions [none]
[debug] [2022-11-05T05:55:10.947Z] >>> [apiv2][body] POST https://firebasehosting.googleapis.com/v1beta1/projects/-/sites/exam-47fd6/versions {"status":"CREATED","labels":{"deployment-tool":"cli-firebase"}}
[debug] [2022-11-05T05:55:13.017Z] <<< [apiv2][status] POST https://firebasehosting.googleapis.com/v1beta1/projects/-/sites/exam-47fd6/versions 200
[debug] [2022-11-05T05:55:13.018Z] <<< [apiv2][body] POST https://firebasehosting.googleapis.com/v1beta1/projects/-/sites/exam-47fd6/versions {"name":"projects/580464631631/sites/exam-47fd6/versions/b151ad94a29f304b","status":"CREATED","config":{},"labels":{"deployment-tool":"cli-firebase"}}
[info] i  hosting[exam-47fd6]: beginning deploy... 
[info] i  hosting[exam-47fd6]: found 21 files in build 
[debug] [2022-11-05T05:55:14.004Z] [hosting] uploading with 200 concurrency
[debug] [2022-11-05T05:55:36.612Z] [hosting] hash cache [YnVpbGQ] stored for 21 files
[debug] [2022-11-05T05:55:36.615Z] [hosting][hash queue][FINAL] {"max":22369,"min":32,"avg":1646.857142857143,"active":0,"complete":21,"success":21,"errored":0,"retried":0,"total":21,"elapsed":22523}
[debug] [2022-11-05T05:55:36.620Z] >>> [apiv2][query] POST https://firebasehosting.googleapis.com/v1beta1/projects/580464631631/sites/exam-47fd6/versions/b151ad94a29f304b:populateFiles [none]
[debug] [2022-11-05T05:55:36.621Z] >>> [apiv2][body] POST https://firebasehosting.googleapis.com/v1beta1/projects/580464631631/sites/exam-47fd6/versions/b151ad94a29f304b:populateFiles {"files":{"/favicon.ico":"eae62e993eb980ec8a25058c39d5a51feab118bd2100c4deebb2a9c158ec11f9","/logo192.png":"3ee59515172ee198f3be375979df15ac5345183e656720a381b8872b2a39dc8b","/logo512.png":"ee7e2f3fdb8209c4b6fd7bef6ba50d1b9dba30a25bb5c3126df057e1cb6f5331","/manifest.json":"aff3449bdc238776f5d6d967f19ec491b36aed5fb7f23ccff6500736fd58494a","/robots.txt":"bfe106a3fb878dc83461c86818bf74fc1bdc7f28538ba613cd3e775516ce8b49","/sitemap.txt":"35a253f54b0cdaef74dbbaf3033cb6fed70893332adbf425223baf58c9eb7788","/asset-manifest.json":"ffcffbda2ac418b69fd04a0b9fe3e182e1891563944ae2d5e038545bab6b11ac","/index.html":"64aeb0499c5f99e5cfd3881ef969869c20d957b04afca9f592fe3dd707c08754","/precache-manifest.62765de606aa1d7787b29cc37d0532d6.js":"09e652dbdad4edaed13208da18210dcd2c8d8e0810c2fd449e8013ee64ec5740","/service-worker.js":"5f133e7eeed4a31a220acabadfb6235b1464e4361cf1ec81fbd345ea120b2e37","/static/css/main.fab45f96.chunk.css":"359096a3af64500fd5d8f4157189cba67db7559e5ba770c800b4059d6f24ac9f","/static/css/main.fab45f96.chunk.css.map":"090473778fb3b29da00234a2ec829189f9ade87fed6a5759fe78458be1fbe89c","/static/js/main.23e70681.chunk.js":"59b76cee40f3d5c7fd75c9b488010357670b3055eb2fa7ab9301266347bc13df","/static/js/main.23e70681.chunk.js.map":"80da8b77c2430b4545380730606791ab323656a2c3ec60fa70e36fc4e08a5d6a","/static/js/runtime~main.a8a9905a.js":"27518aed75eb917ee7575e8c911b596e850b5265b9e5694a7681cba901419f4d","/static/js/runtime~main.a8a9905a.js.map":"d13b46ae2acf0d2863e1c6449a51f64702fa5b464c475c0ec20d6e8de9970ef9","/static/media/ele.27091ab8.jpg":"e01555406e45925f86bb2c025d43a9834cf9cc41158f34fabe597ae82838d0ab","/static/media/Aj.8d0422e0.jpg":"1d2e9a5393ca601a123fded945726d4d6b75a80cf32f6f6fc651b018ff94389d","/static/js/2.30d79043.chunk.js":"bdabef518b9cd04cded550a22e0295ae1762db91b6955dda44672d7d4eff8d63","/static/media/bg.adab4d2f.png":"e7d4ebe1c8d728a406c14256c322a526a60b64e438fd76e0d3850c9ad8646206","/static/js/2.30d79043.chunk.js.map":"2141f57fa3412163259fd331b224938f11f094ad63d76387071f38f79e069df2"}}
[debug] [2022-11-06T05:17:04.253Z] ----------------------------------------------------------------------
[debug] [2022-11-06T05:17:04.295Z] Command:       C:\Program Files\nodejs\node.exe C:\Users\AJDEV\AppData\Roaming\npm\node_modules\firebase-tools\lib\bin\firebase.js deploy
[debug] [2022-11-06T05:17:04.305Z] CLI Version:   11.16.0
[debug] [2022-11-06T05:17:04.308Z] Platform:      win32
[debug] [2022-11-06T05:17:04.312Z] Node Version:  v16.16.0
[debug] [2022-11-06T05:17:04.331Z] Time:          Sat Nov 05 2022 22:17:04 GMT-0700 (Pacific Daylight Time)
[debug] [2022-11-06T05:17:04.335Z] ----------------------------------------------------------------------
[debug] 
[debug] [2022-11-06T05:17:04.402Z] >>> [apiv2][query] GET https://firebase-public.firebaseio.com/cli.json [none]
[debug] [2022-11-06T05:17:05.291Z] > command requires scopes: ["email","openid","https://www.googleapis.com/auth/cloudplatformprojects.readonly","https://www.googleapis.com/auth/firebase","https://www.googleapis.com/auth/cloud-platform"]
[debug] [2022-11-06T05:17:05.294Z] > authorizing via signed-in user (mosesogun11@gmail.com)
[debug] [2022-11-06T05:17:05.296Z] [iam] checking project exam-47fd6 for permissions ["firebase.projects.get","firebasehosting.sites.update"]
[debug] [2022-11-06T05:17:05.306Z] > refreshing access token with scopes: []
[debug] [2022-11-06T05:17:05.313Z] >>> [apiv2][query] POST https://www.googleapis.com/oauth2/v3/token [none]
[debug] [2022-11-06T05:17:05.314Z] >>> [apiv2][body] POST https://www.googleapis.com/oauth2/v3/token [omitted]
[debug] [2022-11-06T05:17:06.178Z] <<< [apiv2][status] POST https://www.googleapis.com/oauth2/v3/token 200
[debug] [2022-11-06T05:17:06.183Z] <<< [apiv2][body] POST https://www.googleapis.com/oauth2/v3/token [omitted]
[debug] [2022-11-06T05:17:06.440Z] >>> [apiv2][query] POST https://cloudresourcemanager.googleapis.com/v1/projects/exam-47fd6:testIamPermissions [none]
[debug] [2022-11-06T05:17:06.441Z] >>> [apiv2][(partial)header] POST https://cloudresourcemanager.googleapis.com/v1/projects/exam-47fd6:testIamPermissions x-goog-quota-user=projects/exam-47fd6
[debug] [2022-11-06T05:17:06.443Z] >>> [apiv2][body] POST https://cloudresourcemanager.googleapis.com/v1/projects/exam-47fd6:testIamPermissions {"permissions":["firebase.projects.get","firebasehosting.sites.update"]}
[debug] [2022-11-06T05:17:07.938Z] <<< [apiv2][status] GET https://firebase-public.firebaseio.com/cli.json 200
[debug] [2022-11-06T05:17:07.939Z] <<< [apiv2][body] GET https://firebase-public.firebaseio.com/cli.json {"cloudBuildErrorAfter":1594252800000,"cloudBuildWarnAfter":1590019200000,"defaultNode10After":1594252800000,"minVersion":"3.0.5","node8DeploysDisabledAfter":1613390400000,"node8RuntimeDisabledAfter":1615809600000,"node8WarnAfter":1600128000000}
[debug] [2022-11-06T05:17:18.150Z] [iam] error while checking permissions, command may fail: FirebaseError: Failed to make request to https://cloudresourcemanager.googleapis.com/v1/projects/exam-47fd6:testIamPermissions
[debug] [2022-11-06T05:17:18.157Z] >>> [apiv2][query] GET https://firebase.googleapis.com/v1beta1/projects/exam-47fd6 [none]
[debug] [2022-11-06T05:17:29.912Z] Failed to make request to https://firebase.googleapis.com/v1beta1/projects/exam-47fd6
[debug] [2022-11-06T05:17:32.354Z] FirebaseError: Failed to make request to https://firebase.googleapis.com/v1beta1/projects/exam-47fd6
    at RetryOperation._fn (C:\Users\AJDEV\AppData\Roaming\npm\node_modules\firebase-tools\lib\apiv2.js:242:31)
    at processTicksAndRejections (node:internal/process/task_queues:96:5)
[error] 
[error] Error: Failed to get Firebase project exam-47fd6. Please make sure the project exists and your account has permission to access it.
